# JRE version: OpenJDK Runtime Environment Temurin-17.0.8.1+1 (17.0.8.1+1) (build 17.0.8.1+1)
# Java VM: OpenJDK 64-Bit Server VM Temurin-17.0.8.1+1 (17.0.8.1+1, mixed mode, tiered, compressed oops, compressed class ptrs, parallel gc, windows-amd64)
GC Precious Log:
 CPUs: 8 total, 8 available
 Memory: 8122M
 Large Page Support: Disabled
 NUMA Support: Disabled
 Compressed Oops: Enabled (32-bit)
 Alignments: Space 512K, Generation 512K, Heap 2M
 Heap Min Capacity: 100M
 Heap Initial Capacity: 100M
 Heap Max Capacity: 1G
 Pre-touch: Disabled
 Parallel Workers: 8
Heap:
 PSYoungGen      total 7680K, used 6188K [0x00000000eab00000, 0x00000000eb500000, 0x0000000100000000)
  eden space 6144K, 75% used [0x00000000eab00000,0x00000000eaf8d350,0x00000000eb100000)
  from space 1536K, 99% used [0x00000000eb100000,0x00000000eb27e000,0x00000000eb280000)
  to   space 2048K, 0% used [0x00000000eb300000,0x00000000eb300000,0x00000000eb500000)
 ParOldGen       total 285696K, used 204820K [0x00000000c0000000, 0x00000000d1700000, 0x00000000eab00000)
  object space 285696K, 71% used [0x00000000c0000000,0x00000000cc8050a0,0x00000000d1700000)
 Metaspace       used 106520K, committed 107968K, reserved 1179648K
  class space    used 10505K, committed 11200K, reserved 1048576K
GC Heap History (20 events):
Event: 2205.132 GC heap before
{Heap before GC invocations=8694 (full 149):
 PSYoungGen      total 5632K, used 5632K [0x00000000eab00000, 0x00000000eb180000, 0x0000000100000000)
  eden space 4608K, 100% used [0x00000000eab00000,0x00000000eaf80000,0x00000000eaf80000)
  from space 1024K, 100% used [0x00000000eb080000,0x00000000eb180000,0x00000000eb180000)
  to   space 1024K, 0% used [0x00000000eaf80000,0x00000000eaf80000,0x00000000eb080000)
 ParOldGen       total 285696K, used 270994K [0x00000000c0000000, 0x00000000d1700000, 0x00000000eab00000)
  object space 285696K, 94% used [0x00000000c0000000,0x00000000d08a4ac0,0x00000000d1700000)
 Metaspace       used 106513K, committed 107968K, reserved 1179648K
  class space    used 10505K, committed 11200K, reserved 1048576K
}
Event: 2205.135 GC heap after
{Heap after GC invocations=8694 (full 149):
 PSYoungGen      total 5632K, used 1024K [0x00000000eab00000, 0x00000000eb880000, 0x0000000100000000)
  eden space 4608K, 0% used [0x00000000eab00000,0x00000000eab00000,0x00000000eaf80000)
  from space 1024K, 100% used [0x00000000eaf80000,0x00000000eb080000,0x00000000eb080000)
  to   space 4096K, 0% used [0x00000000eb480000,0x00000000eb480000,0x00000000eb880000)
 ParOldGen       total 285696K, used 273066K [0x00000000c0000000, 0x00000000d1700000, 0x00000000eab00000)
  object space 285696K, 95% used [0x00000000c0000000,0x00000000d0aaaac0,0x00000000d1700000)
 Metaspace       used 106513K, committed 107968K, reserved 1179648K
  class space    used 10505K, committed 11200K, reserved 1048576K
}
Event: 2205.142 GC heap before
{Heap before GC invocations=8695 (full 149):
 PSYoungGen      total 5632K, used 5632K [0x00000000eab00000, 0x00000000eb880000, 0x0000000100000000)
  eden space 4608K, 100% used [0x00000000eab00000,0x00000000eaf80000,0x00000000eaf80000)
  from space 1024K, 100% used [0x00000000eaf80000,0x00000000eb080000,0x00000000eb080000)
  to   space 4096K, 0% used [0x00000000eb480000,0x00000000eb480000,0x00000000eb880000)
 ParOldGen       total 285696K, used 273066K [0x00000000c0000000, 0x00000000d1700000, 0x00000000eab00000)
  object space 285696K, 95% used [0x00000000c0000000,0x00000000d0aaaac0,0x00000000d1700000)
 Metaspace       used 106513K, committed 107968K, reserved 1179648K
  class space    used 10505K, committed 11200K, reserved 1048576K
}
Event: 2205.148 GC heap after
{Heap after GC invocations=8695 (full 149):
 PSYoungGen      total 8192K, used 2388K [0x00000000eab00000, 0x00000000eb700000, 0x0000000100000000)
  eden space 5632K, 0% used [0x00000000eab00000,0x00000000eab00000,0x00000000eb080000)
  from space 2560K, 93% used [0x00000000eb480000,0x00000000eb6d5200,0x00000000eb700000)
  to   space 3072K, 0% used [0x00000000eb100000,0x00000000eb100000,0x00000000eb400000)
 ParOldGen       total 285696K, used 274087K [0x00000000c0000000, 0x00000000d1700000, 0x00000000eab00000)
  object space 285696K, 95% used [0x00000000c0000000,0x00000000d0ba9ec0,0x00000000d1700000)
 Metaspace       used 106513K, committed 107968K, reserved 1179648K
  class space    used 10505K, committed 11200K, reserved 1048576K
}
Event: 2205.154 GC heap before
{Heap before GC invocations=8696 (full 149):
 PSYoungGen      total 8192K, used 8020K [0x00000000eab00000, 0x00000000eb700000, 0x0000000100000000)
  eden space 5632K, 100% used [0x00000000eab00000,0x00000000eb080000,0x00000000eb080000)
  from space 2560K, 93% used [0x00000000eb480000,0x00000000eb6d5200,0x00000000eb700000)
  to   space 3072K, 0% used [0x00000000eb100000,0x00000000eb100000,0x00000000eb400000)
 ParOldGen       total 285696K, used 274087K [0x00000000c0000000, 0x00000000d1700000, 0x00000000eab00000)
  object space 285696K, 95% used [0x00000000c0000000,0x00000000d0ba9ec0,0x00000000d1700000)
 Metaspace       used 106513K, committed 107968K, reserved 1179648K
  class space    used 10505K, committed 11200K, reserved 1048576K
}
Event: 2205.158 GC heap after
{Heap after GC invocations=8696 (full 149):
 PSYoungGen      total 9216K, used 2080K [0x00000000eab00000, 0x00000000eb700000, 0x0000000100000000)
  eden space 6144K, 0% used [0x00000000eab00000,0x00000000eab00000,0x00000000eb100000)
  from space 3072K, 67% used [0x00000000eb100000,0x00000000eb308000,0x00000000eb400000)
  to   space 2560K, 0% used [0x00000000eb480000,0x00000000eb480000,0x00000000eb700000)
 ParOldGen       total 285696K, used 276380K [0x00000000c0000000, 0x00000000d1700000, 0x00000000eab00000)
  object space 285696K, 96% used [0x00000000c0000000,0x00000000d0de70c0,0x00000000d1700000)
 Metaspace       used 106513K, committed 107968K, reserved 1179648K
  class space    used 10505K, committed 11200K, reserved 1048576K
}
Event: 2205.170 GC heap before
{Heap before GC invocations=8697 (full 149):
 PSYoungGen      total 9216K, used 8224K [0x00000000eab00000, 0x00000000eb700000, 0x0000000100000000)
  eden space 6144K, 100% used [0x00000000eab00000,0x00000000eb100000,0x00000000eb100000)
  from space 3072K, 67% used [0x00000000eb100000,0x00000000eb308000,0x00000000eb400000)
  to   space 2560K, 0% used [0x00000000eb480000,0x00000000eb480000,0x00000000eb700000)
 ParOldGen       total 285696K, used 276380K [0x00000000c0000000, 0x00000000d1700000, 0x00000000eab00000)
  object space 285696K, 96% used [0x00000000c0000000,0x00000000d0de70c0,0x00000000d1700000)
 Metaspace       used 106513K, committed 107968K, reserved 1179648K
  class space    used 10505K, committed 11200K, reserved 1048576K
}
Event: 2205.175 GC heap after
{Heap after GC invocations=8697 (full 149):
 PSYoungGen      total 8704K, used 2560K [0x00000000eab00000, 0x00000000eb700000, 0x0000000100000000)
  eden space 6144K, 0% used [0x00000000eab00000,0x00000000eab00000,0x00000000eb100000)
  from space 2560K, 100% used [0x00000000eb480000,0x00000000eb700000,0x00000000eb700000)
  to   space 3072K, 0% used [0x00000000eb100000,0x00000000eb100000,0x00000000eb400000)
 ParOldGen       total 285696K, used 279372K [0x00000000c0000000, 0x00000000d1700000, 0x00000000eab00000)
  object space 285696K, 97% used [0x00000000c0000000,0x00000000d10d30c0,0x00000000d1700000)
 Metaspace       used 106513K, committed 107968K, reserved 1179648K
  class space    used 10505K, committed 11200K, reserved 1048576K
}
Event: 2205.201 GC heap before
{Heap before GC invocations=8698 (full 149):
 PSYoungGen      total 8704K, used 8510K [0x00000000eab00000, 0x00000000eb700000, 0x0000000100000000)
  eden space 6144K, 96% used [0x00000000eab00000,0x00000000eb0cf850,0x00000000eb100000)
  from space 2560K, 100% used [0x00000000eb480000,0x00000000eb700000,0x00000000eb700000)
  to   space 3072K, 0% used [0x00000000eb100000,0x00000000eb100000,0x00000000eb400000)
 ParOldGen       total 285696K, used 279372K [0x00000000c0000000, 0x00000000d1700000, 0x00000000eab00000)
  object space 285696K, 97% used [0x00000000c0000000,0x00000000d10d30c0,0x00000000d1700000)
 Metaspace       used 106513K, committed 107968K, reserved 1179648K
  class space    used 10505K, committed 11200K, reserved 1048576K
}
Event: 2205.207 GC heap after
{Heap after GC invocations=8698 (full 149):
 PSYoungGen      total 9216K, used 3056K [0x00000000eab00000, 0x00000000eb700000, 0x0000000100000000)
  eden space 6144K, 0% used [0x00000000eab00000,0x00000000eab00000,0x00000000eb100000)
  from space 3072K, 99% used [0x00000000eb100000,0x00000000eb3fc000,0x00000000eb400000)
  to   space 2560K, 0% used [0x00000000eb480000,0x00000000eb480000,0x00000000eb700000)
 ParOldGen       total 285696K, used 284396K [0x00000000c0000000, 0x00000000d1700000, 0x00000000eab00000)
  object space 285696K, 99% used [0x00000000c0000000,0x00000000d15bb0c0,0x00000000d1700000)
 Metaspace       used 106513K, committed 107968K, reserved 1179648K
  class space    used 10505K, committed 11200K, reserved 1048576K
}
Event: 2205.207 GC heap before
{Heap before GC invocations=8699 (full 150):
 PSYoungGen      total 9216K, used 3056K [0x00000000eab00000, 0x00000000eb700000, 0x0000000100000000)
  eden space 6144K, 0% used [0x00000000eab00000,0x00000000eab00000,0x00000000eb100000)
  from space 3072K, 99% used [0x00000000eb100000,0x00000000eb3fc000,0x00000000eb400000)
  to   space 2560K, 0% used [0x00000000eb480000,0x00000000eb480000,0x00000000eb700000)
 ParOldGen       total 285696K, used 284396K [0x00000000c0000000, 0x00000000d1700000, 0x00000000eab00000)
  object space 285696K, 99% used [0x00000000c0000000,0x00000000d15bb0c0,0x00000000d1700000)
 Metaspace       used 106513K, committed 107968K, reserved 1179648K
  class space    used 10505K, committed 11200K, reserved 1048576K
}
Event: 2205.443 GC heap after
{Heap after GC invocations=8699 (full 150):
 PSYoungGen      total 8704K, used 0K [0x00000000eab00000, 0x00000000eb700000, 0x0000000100000000)
  eden space 6144K, 0% used [0x00000000eab00000,0x00000000eab00000,0x00000000eb100000)
  from space 2560K, 0% used [0x00000000eb480000,0x00000000eb480000,0x00000000eb700000)
  to   space 3072K, 0% used [0x00000000eb100000,0x00000000eb100000,0x00000000eb400000)
 ParOldGen       total 285696K, used 185125K [0x00000000c0000000, 0x00000000d1700000, 0x00000000eab00000)
  object space 285696K, 64% used [0x00000000c0000000,0x00000000cb4c94f8,0x00000000d1700000)
 Metaspace       used 106513K, committed 107968K, reserved 1179648K
  class space    used 10505K, committed 11200K, reserved 1048576K
}
Event: 2205.490 GC heap before
{Heap before GC invocations=8700 (full 150):
 PSYoungGen      total 8704K, used 5898K [0x00000000eab00000, 0x00000000eb700000, 0x0000000100000000)
  eden space 6144K, 96% used [0x00000000eab00000,0x00000000eb0c2a10,0x00000000eb100000)
  from space 2560K, 0% used [0x00000000eb480000,0x00000000eb480000,0x00000000eb700000)
  to   space 3072K, 0% used [0x00000000eb100000,0x00000000eb100000,0x00000000eb400000)
 ParOldGen       total 285696K, used 185125K [0x00000000c0000000, 0x00000000d1700000, 0x00000000eab00000)
  object space 285696K, 64% used [0x00000000c0000000,0x00000000cb4c94f8,0x00000000d1700000)
 Metaspace       used 106513K, committed 107968K, reserved 1179648K
  class space    used 10505K, committed 11200K, reserved 1048576K
}
Event: 2205.493 GC heap after
{Heap after GC invocations=8700 (full 150):
 PSYoungGen      total 9216K, used 3048K [0x00000000eab00000, 0x00000000eb700000, 0x0000000100000000)
  eden space 6144K, 0% used [0x00000000eab00000,0x00000000eab00000,0x00000000eb100000)
  from space 3072K, 99% used [0x00000000eb100000,0x00000000eb3fa198,0x00000000eb400000)
  to   space 2560K, 0% used [0x00000000eb480000,0x00000000eb480000,0x00000000eb700000)
 ParOldGen       total 285696K, used 186269K [0x00000000c0000000, 0x00000000d1700000, 0x00000000eab00000)
  object space 285696K, 65% used [0x00000000c0000000,0x00000000cb5e74f8,0x00000000d1700000)
 Metaspace       used 106513K, committed 107968K, reserved 1179648K
  class space    used 10505K, committed 11200K, reserved 1048576K
}
Event: 2205.520 GC heap before
{Heap before GC invocations=8701 (full 150):
 PSYoungGen      total 9216K, used 9192K [0x00000000eab00000, 0x00000000eb700000, 0x0000000100000000)
  eden space 6144K, 99% used [0x00000000eab00000,0x00000000eb0fffe8,0x00000000eb100000)
  from space 3072K, 99% used [0x00000000eb100000,0x00000000eb3fa198,0x00000000eb400000)
  to   space 2560K, 0% used [0x00000000eb480000,0x00000000eb480000,0x00000000eb700000)
 ParOldGen       total 285696K, used 186269K [0x00000000c0000000, 0x00000000d1700000, 0x00000000eab00000)
  object space 285696K, 65% used [0x00000000c0000000,0x00000000cb5e74f8,0x00000000d1700000)
 Metaspace       used 106513K, committed 107968K, reserved 1179648K
  class space    used 10505K, committed 11200K, reserved 1048576K
}
Event: 2205.523 GC heap after
{Heap after GC invocations=8701 (full 150):
 PSYoungGen      total 8704K, used 2505K [0x00000000eab00000, 0x00000000eb700000, 0x0000000100000000)
  eden space 6144K, 0% used [0x00000000eab00000,0x00000000eab00000,0x00000000eb100000)
  from space 2560K, 97% used [0x00000000eb480000,0x00000000eb6f2610,0x00000000eb700000)
  to   space 3072K, 0% used [0x00000000eb100000,0x00000000eb100000,0x00000000eb400000)
 ParOldGen       total 285696K, used 191539K [0x00000000c0000000, 0x00000000d1700000, 0x00000000eab00000)
  object space 285696K, 67% used [0x00000000c0000000,0x00000000cbb0cd70,0x00000000d1700000)
 Metaspace       used 106513K, committed 107968K, reserved 1179648K
  class space    used 10505K, committed 11200K, reserved 1048576K
}
Event: 2205.633 GC heap before
{Heap before GC invocations=8702 (full 150):
 PSYoungGen      total 8704K, used 8609K [0x00000000eab00000, 0x00000000eb700000, 0x0000000100000000)
  eden space 6144K, 99% used [0x00000000eab00000,0x00000000eb0f5f28,0x00000000eb100000)
  from space 2560K, 97% used [0x00000000eb480000,0x00000000eb6f2610,0x00000000eb700000)
  to   space 3072K, 0% used [0x00000000eb100000,0x00000000eb100000,0x00000000eb400000)
 ParOldGen       total 285696K, used 191539K [0x00000000c0000000, 0x00000000d1700000, 0x00000000eab00000)
  object space 285696K, 67% used [0x00000000c0000000,0x00000000cbb0cd70,0x00000000d1700000)
 Metaspace       used 106520K, committed 107968K, reserved 1179648K
  class space    used 10505K, committed 11200K, reserved 1048576K
}
Event: 2205.636 GC heap after
{Heap after GC invocations=8702 (full 150):
 PSYoungGen      total 7680K, used 1304K [0x00000000eab00000, 0x00000000eb500000, 0x0000000100000000)
  eden space 6144K, 0% used [0x00000000eab00000,0x00000000eab00000,0x00000000eb100000)
  from space 1536K, 84% used [0x00000000eb100000,0x00000000eb246288,0x00000000eb280000)
  to   space 2048K, 0% used [0x00000000eb300000,0x00000000eb300000,0x00000000eb500000)
 ParOldGen       total 285696K, used 193403K [0x00000000c0000000, 0x00000000d1700000, 0x00000000eab00000)
  object space 285696K, 67% used [0x00000000c0000000,0x00000000cbcded70,0x00000000d1700000)
 Metaspace       used 106520K, committed 107968K, reserved 1179648K
  class space    used 10505K, committed 11200K, reserved 1048576K
}
Event: 2205.657 GC heap before
{Heap before GC invocations=8703 (full 150):
 PSYoungGen      total 7680K, used 7448K [0x00000000eab00000, 0x00000000eb500000, 0x0000000100000000)
  eden space 6144K, 100% used [0x00000000eab00000,0x00000000eb100000,0x00000000eb100000)
  from space 1536K, 84% used [0x00000000eb100000,0x00000000eb246288,0x00000000eb280000)
  to   space 2048K, 0% used [0x00000000eb300000,0x00000000eb300000,0x00000000eb500000)
 ParOldGen       total 285696K, used 193403K [0x00000000c0000000, 0x00000000d1700000, 0x00000000eab00000)
  object space 285696K, 67% used [0x00000000c0000000,0x00000000cbcded70,0x00000000d1700000)
 Metaspace       used 106520K, committed 107968K, reserved 1179648K
  class space    used 10505K, committed 11200K, reserved 1048576K
}
Event: 2205.662 GC heap after
{Heap after GC invocations=8703 (full 150):
 PSYoungGen      total 8192K, used 2036K [0x00000000eab00000, 0x00000000eb500000, 0x0000000100000000)
  eden space 6144K, 0% used [0x00000000eab00000,0x00000000eab00000,0x00000000eb100000)
  from space 2048K, 99% used [0x00000000eb300000,0x00000000eb4fd148,0x00000000eb500000)
  to   space 1536K, 0% used [0x00000000eb100000,0x00000000eb100000,0x00000000eb280000)
 ParOldGen       total 285696K, used 198371K [0x00000000c0000000, 0x00000000d1700000, 0x00000000eab00000)
  object space 285696K, 69% used [0x00000000c0000000,0x00000000cc1b8e10,0x00000000d1700000)
 Metaspace       used 106520K, committed 107968K, reserved 1179648K
  class space    used 10505K, committed 11200K, reserved 1048576K
}

